TN:
SF:src/UniswapV2ERC20.sol
DA:23,48
FN:23,UniswapV2ERC20.constructor
FNDA:48,UniswapV2ERC20.constructor
DA:24,48
DA:26,0
DA:28,48
DA:39,92
FN:39,UniswapV2ERC20._mint
FNDA:92,UniswapV2ERC20._mint
DA:40,92
DA:41,92
DA:42,92
DA:45,7
FN:45,UniswapV2ERC20._burn
FNDA:7,UniswapV2ERC20._burn
DA:46,7
DA:47,7
DA:48,7
DA:51,8
FN:51,UniswapV2ERC20._approve
FNDA:8,UniswapV2ERC20._approve
DA:52,8
DA:53,8
DA:56,12
FN:56,UniswapV2ERC20._transfer
FNDA:12,UniswapV2ERC20._transfer
DA:57,12
DA:58,12
DA:59,12
DA:62,4
FN:62,UniswapV2ERC20.approve
FNDA:4,UniswapV2ERC20.approve
DA:63,4
DA:64,4
DA:67,5
FN:67,UniswapV2ERC20.transfer
FNDA:5,UniswapV2ERC20.transfer
DA:68,5
DA:69,5
DA:72,7
FN:72,UniswapV2ERC20.transferFrom
FNDA:7,UniswapV2ERC20.transferFrom
DA:73,7
BRDA:73,0,0,7
DA:74,7
DA:76,7
DA:77,7
DA:80,5
FN:80,UniswapV2ERC20.permit
FNDA:5,UniswapV2ERC20.permit
DA:81,5
BRDA:81,1,0,-
BRDA:81,1,1,-
DA:82,5
DA:89,5
DA:90,4
BRDA:90,2,0,4
BRDA:90,2,1,4
DA:91,4
FNF:9
FNH:9
LF:36
LH:35
BRF:5
BRH:3
end_of_record
TN:
SF:src/UniswapV2Factory.sol
DA:15,59
FN:15,UniswapV2Factory.constructor
FNDA:59,UniswapV2Factory.constructor
DA:16,59
DA:19,1
FN:19,UniswapV2Factory.allPairsLength
FNDA:1,UniswapV2Factory.allPairsLength
DA:20,1
DA:23,52
FN:23,UniswapV2Factory.createPair
FNDA:52,UniswapV2Factory.createPair
DA:24,52
BRDA:24,0,0,-
BRDA:24,0,1,-
DA:25,51
DA:26,51
BRDA:26,1,0,-
BRDA:26,1,1,-
DA:27,49
BRDA:27,2,0,-
BRDA:27,2,1,-
DA:28,47
DA:29,47
DA:31,0
DA:33,47
DA:34,47
DA:35,47
DA:36,47
DA:37,47
DA:40,4
FN:40,UniswapV2Factory.setFeeTo
FNDA:4,UniswapV2Factory.setFeeTo
DA:41,4
BRDA:41,3,0,-
BRDA:41,3,1,-
DA:42,4
DA:45,3
FN:45,UniswapV2Factory.setFeeToSetter
FNDA:3,UniswapV2Factory.setFeeToSetter
DA:46,3
BRDA:46,4,0,-
BRDA:46,4,1,-
DA:47,3
FNF:5
FNH:5
LF:23
LH:22
BRF:10
BRH:0
end_of_record
TN:
SF:src/UniswapV2Pair.sol
DA:32,49
FN:32,UniswapV2Pair.lock
FNDA:49,UniswapV2Pair.lock
DA:33,49
BRDA:33,0,0,-
BRDA:33,0,1,-
DA:34,49
DA:36,49
DA:39,180
FN:39,UniswapV2Pair.getReserves
FNDA:180,UniswapV2Pair.getReserves
DA:40,180
DA:41,180
DA:42,180
DA:45,51
FN:45,UniswapV2Pair._safeTransfer
FNDA:51,UniswapV2Pair._safeTransfer
DA:46,51
DA:47,51
BRDA:47,1,0,51
BRDA:47,1,1,51
DA:51,47
FN:51,UniswapV2Pair.constructor
FNDA:47,UniswapV2Pair.constructor
DA:52,47
DA:56,47
FN:56,UniswapV2Pair.initialize
FNDA:47,UniswapV2Pair.initialize
DA:57,47
BRDA:57,2,0,-
BRDA:57,2,1,-
DA:58,47
DA:59,47
DA:63,91
FN:63,UniswapV2Pair._update
FNDA:91,UniswapV2Pair._update
DA:64,91
BRDA:64,3,0,91
BRDA:64,3,1,91
DA:65,91
DA:66,91
DA:67,91
BRDA:67,4,0,-
DA:69,0
DA:70,0
DA:72,91
DA:73,91
DA:74,91
DA:75,91
DA:79,57
FN:79,UniswapV2Pair._mintFee
FNDA:57,UniswapV2Pair._mintFee
DA:80,57
DA:81,57
DA:82,57
DA:83,3
BRDA:83,5,0,3
BRDA:83,5,1,-
DA:84,3
BRDA:84,6,0,1
DA:85,1
DA:86,1
DA:87,1
BRDA:87,7,0,1
DA:88,1
DA:89,1
DA:90,1
DA:91,1
BRDA:91,8,0,1
DA:94,54
BRDA:94,9,0,-
DA:95,0
DA:100,49
FN:100,UniswapV2Pair.mint
FNDA:49,UniswapV2Pair.mint
DA:101,49
DA:102,49
DA:103,49
DA:104,49
DA:105,49
DA:107,49
DA:108,49
DA:109,49
BRDA:109,10,0,42
BRDA:109,10,1,7
DA:110,42
DA:111,42
DA:113,7
DA:115,42
BRDA:115,11,0,-
BRDA:115,11,1,-
DA:116,42
DA:118,42
DA:119,3
BRDA:119,12,0,3
DA:120,49
DA:124,8
FN:124,UniswapV2Pair.burn
FNDA:8,UniswapV2Pair.burn
DA:125,8
DA:126,8
DA:127,8
DA:128,8
DA:129,8
DA:130,8
DA:132,8
DA:133,8
DA:134,8
DA:135,8
DA:136,8
BRDA:136,13,0,8
BRDA:136,13,1,7
DA:137,8
DA:138,8
DA:139,8
DA:140,7
DA:141,7
DA:143,7
DA:144,0
BRDA:144,14,0,-
DA:145,7
DA:149,38
FN:149,UniswapV2Pair.swap
FNDA:38,UniswapV2Pair.swap
DA:150,38
BRDA:150,15,0,38
BRDA:150,15,1,21
DA:151,37
DA:152,37
BRDA:152,16,0,37
BRDA:152,16,1,36
DA:154,35
DA:155,35
DA:157,35
DA:158,35
DA:159,35
BRDA:159,17,0,35
BRDA:159,17,1,35
DA:160,0
BRDA:160,18,0,16
DA:161,35
BRDA:161,19,0,19
DA:162,35
BRDA:162,20,0,1
DA:163,35
DA:164,35
DA:166,35
DA:167,35
DA:168,15
BRDA:168,21,0,35
BRDA:168,21,1,16
DA:170,34
DA:171,34
DA:172,34
BRDA:172,22,0,-
BRDA:172,22,1,-
DA:175,35
DA:176,34
DA:180,1
FN:180,UniswapV2Pair.skim
FNDA:1,UniswapV2Pair.skim
DA:181,1
DA:182,1
DA:183,1
DA:184,1
DA:188,1
FN:188,UniswapV2Pair.sync
FNDA:1,UniswapV2Pair.sync
DA:189,1
FNF:12
FNH:12
LF:109
LH:104
BRF:36
BRH:24
end_of_record
TN:
SF:src/UniswapV2Router02.sol
DA:19,21
FN:19,UniswapV2Router02.ensure
FNDA:21,UniswapV2Router02.ensure
DA:20,21
BRDA:20,0,0,-
BRDA:20,0,1,-
DA:24,59
FN:24,UniswapV2Router02.constructor
FNDA:59,UniswapV2Router02.constructor
DA:25,59
DA:26,59
DA:29,7
FN:29,UniswapV2Router02.receive
FNDA:7,UniswapV2Router02.receive
DA:30,7
DA:34,34
FN:34,UniswapV2Router02._addLiquidity
FNDA:34,UniswapV2Router02._addLiquidity
DA:43,34
BRDA:43,1,0,20
DA:44,20
DA:46,34
DA:47,34
BRDA:47,2,0,28
BRDA:47,2,1,1
DA:48,28
DA:50,6
DA:51,6
BRDA:51,3,0,5
BRDA:51,3,1,1
DA:52,5
BRDA:52,4,0,-
BRDA:52,4,1,-
DA:53,4
DA:55,1
DA:56,1
DA:57,1
BRDA:57,5,0,-
BRDA:57,5,1,-
DA:58,1
DA:62,21
FN:62,UniswapV2Router02.addLiquidity
FNDA:21,UniswapV2Router02.addLiquidity
DA:72,21
DA:73,20
DA:74,21
DA:75,21
DA:76,21
DA:78,13
FN:78,UniswapV2Router02.addLiquidityETH
FNDA:13,UniswapV2Router02.addLiquidityETH
DA:86,13
DA:94,13
DA:95,13
DA:96,13
DA:97,13
DA:98,13
DA:100,13
BRDA:100,6,0,1
DA:104,6
FN:104,UniswapV2Router02.removeLiquidity
FNDA:6,UniswapV2Router02.removeLiquidity
DA:113,6
DA:114,6
DA:115,6
DA:116,6
DA:117,6
DA:118,6
BRDA:118,7,0,-
BRDA:118,7,1,-
DA:119,4
BRDA:119,8,0,-
BRDA:119,8,1,-
DA:121,2
FN:121,UniswapV2Router02.removeLiquidityETH
FNDA:2,UniswapV2Router02.removeLiquidityETH
DA:129,2
DA:138,2
DA:139,2
DA:140,2
DA:142,1
FN:142,UniswapV2Router02.removeLiquidityWithPermit
FNDA:1,UniswapV2Router02.removeLiquidityWithPermit
DA:152,1
DA:153,1
DA:154,0
DA:155,1
DA:157,1
FN:157,UniswapV2Router02.removeLiquidityETHWithPermit
FNDA:1,UniswapV2Router02.removeLiquidityETHWithPermit
DA:166,1
DA:167,1
DA:168,0
DA:169,1
DA:173,2
FN:173,UniswapV2Router02.removeLiquidityETHSupportingFeeOnTransferTokens
FNDA:2,UniswapV2Router02.removeLiquidityETHSupportingFeeOnTransferTokens
DA:181,2
DA:190,2
DA:191,2
DA:192,2
DA:194,1
FN:194,UniswapV2Router02.removeLiquidityETHWithPermitSupportingFeeOnTransferTokens
FNDA:1,UniswapV2Router02.removeLiquidityETHWithPermitSupportingFeeOnTransferTokens
DA:203,1
DA:204,1
DA:205,0
DA:206,1
DA:213,27
FN:213,UniswapV2Router02._swap
FNDA:27,UniswapV2Router02._swap
DA:214,27
DA:215,28
DA:216,28
DA:217,28
DA:218,28
DA:219,28
DA:220,15
DA:225,22
FN:225,UniswapV2Router02.swapExactTokensForTokens
FNDA:22,UniswapV2Router02.swapExactTokensForTokens
DA:232,22
DA:233,22
BRDA:233,9,0,-
BRDA:233,9,1,-
DA:234,22
DA:237,22
DA:239,1
FN:239,UniswapV2Router02.swapTokensForExactTokens
FNDA:1,UniswapV2Router02.swapTokensForExactTokens
DA:246,1
DA:247,1
BRDA:247,10,0,-
BRDA:247,10,1,-
DA:248,1
DA:251,1
DA:253,1
FN:253,UniswapV2Router02.swapExactETHForTokens
FNDA:1,UniswapV2Router02.swapExactETHForTokens
DA:261,1
BRDA:261,11,0,-
BRDA:261,11,1,-
DA:262,1
DA:263,1
BRDA:263,12,0,-
BRDA:263,12,1,-
DA:264,1
DA:265,1
DA:266,1
DA:268,1
FN:268,UniswapV2Router02.swapTokensForExactETH
FNDA:1,UniswapV2Router02.swapTokensForExactETH
DA:275,1
BRDA:275,13,0,-
BRDA:275,13,1,-
DA:276,1
DA:277,1
BRDA:277,14,0,-
BRDA:277,14,1,-
DA:278,1
DA:281,1
DA:282,1
DA:283,1
DA:285,1
FN:285,UniswapV2Router02.swapExactTokensForETH
FNDA:1,UniswapV2Router02.swapExactTokensForETH
DA:292,1
BRDA:292,15,0,-
BRDA:292,15,1,-
DA:293,1
DA:294,1
BRDA:294,16,0,-
BRDA:294,16,1,-
DA:295,1
DA:298,1
DA:299,1
DA:300,1
DA:302,1
FN:302,UniswapV2Router02.swapETHForExactTokens
FNDA:1,UniswapV2Router02.swapETHForExactTokens
DA:310,1
BRDA:310,17,0,-
BRDA:310,17,1,-
DA:311,1
DA:312,1
BRDA:312,18,0,-
BRDA:312,18,1,-
DA:313,1
DA:314,1
DA:315,1
DA:317,1
BRDA:317,19,0,1
DA:322,3
FN:322,UniswapV2Router02._swapSupportingFeeOnTransferTokens
FNDA:3,UniswapV2Router02._swapSupportingFeeOnTransferTokens
DA:323,3
DA:324,3
DA:325,3
DA:326,3
DA:327,3
DA:328,3
DA:330,3
DA:331,3
DA:332,3
DA:333,3
DA:335,3
DA:336,3
DA:337,3
DA:340,1
FN:340,UniswapV2Router02.swapExactTokensForTokensSupportingFeeOnTransferTokens
FNDA:1,UniswapV2Router02.swapExactTokensForTokensSupportingFeeOnTransferTokens
DA:347,1
DA:350,1
DA:351,1
DA:352,1
BRDA:352,20,0,1
BRDA:352,20,1,-
DA:357,1
FN:357,UniswapV2Router02.swapExactETHForTokensSupportingFeeOnTransferTokens
FNDA:1,UniswapV2Router02.swapExactETHForTokensSupportingFeeOnTransferTokens
DA:369,1
BRDA:369,21,0,-
BRDA:369,21,1,-
DA:370,1
DA:371,1
DA:372,1
DA:373,1
DA:374,1
DA:375,1
BRDA:375,22,0,1
BRDA:375,22,1,-
DA:380,1
FN:380,UniswapV2Router02.swapExactTokensForETHSupportingFeeOnTransferTokens
FNDA:1,UniswapV2Router02.swapExactTokensForETHSupportingFeeOnTransferTokens
DA:392,1
BRDA:392,23,0,-
BRDA:392,23,1,-
DA:393,1
DA:396,1
DA:397,1
DA:398,1
BRDA:398,24,0,-
BRDA:398,24,1,-
DA:399,1
DA:400,1
DA:404,3
FN:404,UniswapV2Router02.quote
FNDA:3,UniswapV2Router02.quote
DA:405,3
DA:408,4
FN:408,UniswapV2Router02.getAmountOut
FNDA:4,UniswapV2Router02.getAmountOut
DA:415,4
DA:418,4
FN:418,UniswapV2Router02.getAmountIn
FNDA:4,UniswapV2Router02.getAmountIn
DA:425,4
DA:428,2
FN:428,UniswapV2Router02.getAmountsOut
FNDA:2,UniswapV2Router02.getAmountsOut
DA:435,2
DA:438,2
FN:438,UniswapV2Router02.getAmountsIn
FNDA:2,UniswapV2Router02.getAmountsIn
DA:445,2
FNF:28
FNH:28
LF:162
LH:159
BRF:47
BRH:9
end_of_record
TN:
SF:src/libraries/Math.sol
DA:7,11
FN:7,Math.min
FNDA:11,Math.min
DA:8,11
DA:12,56
FN:12,Math.sqrt
FNDA:56,Math.sqrt
DA:13,56
BRDA:13,0,0,52
BRDA:13,0,1,3
DA:14,52
DA:15,52
DA:16,3314
DA:17,3262
DA:18,3262
DA:20,4
BRDA:20,1,0,3
DA:21,3
FNF:2
FNH:2
LF:11
LH:11
BRF:3
BRH:3
end_of_record
TN:
SF:src/libraries/SafeMath.sol
DA:8,232
FN:8,SafeMath.add
FNDA:232,SafeMath.add
DA:9,232
BRDA:9,0,0,-
BRDA:9,0,1,-
DA:12,254
FN:12,SafeMath.sub
FNDA:254,SafeMath.sub
DA:13,254
BRDA:13,1,0,-
BRDA:13,1,1,-
DA:16,429
FN:16,SafeMath.mul
FNDA:429,SafeMath.mul
DA:17,429
BRDA:17,2,0,429
BRDA:17,2,1,429
FNF:3
FNH:3
LF:6
LH:6
BRF:6
BRH:2
end_of_record
TN:
SF:src/libraries/TransferHelper.sol
DA:7,2
FN:7,TransferHelper.safeApprove
FNDA:2,TransferHelper.safeApprove
DA:13,2
DA:14,2
BRDA:14,0,0,2
BRDA:14,0,1,2
DA:20,5
FN:20,TransferHelper.safeTransfer
FNDA:5,TransferHelper.safeTransfer
DA:26,5
DA:27,5
BRDA:27,1,0,5
BRDA:27,1,1,5
DA:33,81
FN:33,TransferHelper.safeTransferFrom
FNDA:81,TransferHelper.safeTransferFrom
DA:40,81
DA:41,81
BRDA:41,2,0,81
BRDA:41,2,1,81
DA:47,10
FN:47,TransferHelper.safeTransferETH
FNDA:10,TransferHelper.safeTransferETH
DA:48,10
DA:49,10
BRDA:49,3,0,-
BRDA:49,3,1,-
FNF:4
FNH:4
LF:12
LH:12
BRF:8
BRH:6
end_of_record
TN:
SF:src/libraries/UQ112x112.sol
DA:13,6
FN:13,UQ112x112.encode
FNDA:6,UQ112x112.encode
DA:14,6
DA:18,2
FN:18,UQ112x112.uqdiv
FNDA:2,UQ112x112.uqdiv
DA:19,2
FNF:2
FNH:2
LF:4
LH:4
BRF:0
BRH:0
end_of_record
TN:
SF:src/libraries/UniswapV2Library.sol
DA:12,101
FN:12,UniswapV2Library.sortTokens
FNDA:101,UniswapV2Library.sortTokens
DA:13,101
BRDA:13,0,0,-
BRDA:13,0,1,-
DA:14,101
DA:15,101
BRDA:15,1,0,-
BRDA:15,1,1,-
DA:18,168
FN:18,UniswapV2Library.pairFor
FNDA:168,UniswapV2Library.pairFor
DA:20,168
DA:24,64
FN:24,UniswapV2Library.getReserves
FNDA:64,UniswapV2Library.getReserves
DA:25,64
DA:26,64
DA:27,64
DA:31,10
FN:31,UniswapV2Library.quote
FNDA:10,UniswapV2Library.quote
DA:32,10
BRDA:32,2,0,-
BRDA:32,2,1,-
DA:33,10
BRDA:33,3,0,10
BRDA:33,3,1,9
DA:34,10
DA:38,33
FN:38,UniswapV2Library.getAmountOut
FNDA:33,UniswapV2Library.getAmountOut
DA:39,33
BRDA:39,4,0,-
BRDA:39,4,1,-
DA:40,33
BRDA:40,5,0,32
BRDA:40,5,1,31
DA:41,33
DA:42,33
DA:43,33
DA:44,33
DA:48,8
FN:48,UniswapV2Library.getAmountIn
FNDA:8,UniswapV2Library.getAmountIn
DA:49,8
BRDA:49,6,0,-
BRDA:49,6,1,-
DA:50,8
BRDA:50,7,0,7
BRDA:50,7,1,6
DA:51,8
DA:52,8
DA:53,8
DA:57,26
FN:57,UniswapV2Library.getAmountsOut
FNDA:26,UniswapV2Library.getAmountsOut
DA:58,26
BRDA:58,8,0,-
BRDA:58,8,1,-
DA:59,25
DA:60,25
DA:61,25
DA:62,26
DA:63,26
DA:68,5
FN:68,UniswapV2Library.getAmountsIn
FNDA:5,UniswapV2Library.getAmountsIn
DA:69,5
BRDA:69,9,0,-
BRDA:69,9,1,-
DA:70,4
DA:71,5
DA:72,4
DA:73,4
DA:74,4
FNF:8
FNH:8
LF:41
LH:41
BRF:20
BRH:6
end_of_record
TN:
SF:test/TestUtils.sol
DA:31,51
FN:31,TestUtils.constructor
FNDA:51,TestUtils.constructor
DA:32,51
DA:35,51
DA:38,51
DA:41,51
DA:44,51
DA:45,51
DA:46,51
DA:49,51
DA:50,51
DA:51,51
DA:53,51
DA:54,51
DA:55,51
DA:57,51
DA:61,8
FN:61,TestUtils.setupFactory
FNDA:8,TestUtils.setupFactory
DA:62,8
DA:63,8
DA:64,8
DA:67,8
FN:67,TestUtils.setupWeth
FNDA:8,TestUtils.setupWeth
DA:68,8
DA:71,8
FN:71,TestUtils.setupRouter
FNDA:8,TestUtils.setupRouter
DA:72,8
DA:76,0
FN:76,TestUtils.createPair
FNDA:0,TestUtils.createPair
DA:77,0
DA:81,0
FN:81,TestUtils.addLiquidity
FNDA:0,TestUtils.addLiquidity
DA:88,0
DA:90,0
DA:91,0
DA:93,0
DA:104,0
DA:108,0
FN:108,TestUtils.addLiquidityETH
FNDA:0,TestUtils.addLiquidityETH
DA:114,0
DA:115,0
DA:117,0
DA:119,0
DA:128,0
DA:132,0
FN:132,TestUtils.swapExactTokensForTokens
FNDA:0,TestUtils.swapExactTokensForTokens
DA:138,0
DA:140,0
DA:142,0
DA:143,0
DA:144,0
DA:146,0
DA:154,0
DA:156,0
DA:160,0
FN:160,TestUtils.setupPair
FNDA:0,TestUtils.setupPair
DA:161,0
DA:162,0
DA:166,0
FN:166,TestUtils.setupETHPair
FNDA:0,TestUtils.setupETHPair
DA:167,0
DA:168,0
FNF:10
FNH:4
LF:52
LH:23
BRF:0
BRH:0
end_of_record
TN:
SF:test/UniswapV2Pair.t.sol
DA:17,1
FN:17,FlashBorrower.uniswapV2Call
FNDA:1,FlashBorrower.uniswapV2Call
DA:18,1
DA:19,1
DA:20,1
DA:23,1
DA:26,1
BRDA:26,0,0,1
DA:28,1
DA:29,1
DA:32,1
DA:35,1
BRDA:35,1,0,-
DA:36,0
DA:37,0
DA:39,0
FNF:1
FNH:1
LF:13
LH:10
BRF:2
BRH:1
end_of_record
TN:
SF:test/UniswapV2Router02.t.sol
DA:1137,3
FN:1137,MockTokenWithFee.constructor
FNDA:3,MockTokenWithFee.constructor
DA:1138,3
DA:1139,3
DA:1142,3
DA:1143,3
DA:1144,3
DA:1148,7
FN:1148,MockTokenWithFee.transfer
FNDA:7,MockTokenWithFee.transfer
DA:1149,7
BRDA:1149,0,0,-
BRDA:1149,0,1,-
DA:1151,7
DA:1152,7
DA:1154,7
DA:1155,7
DA:1156,7
DA:1158,7
DA:1159,7
DA:1160,7
DA:1164,5
FN:1164,MockTokenWithFee.transferFrom
FNDA:5,MockTokenWithFee.transferFrom
DA:1165,5
BRDA:1165,1,0,-
BRDA:1165,1,1,-
DA:1166,5
BRDA:1166,2,0,-
BRDA:1166,2,1,-
DA:1168,5
BRDA:1168,3,0,5
DA:1169,5
DA:1172,5
DA:1173,5
DA:1175,5
DA:1176,5
DA:1177,5
DA:1179,5
DA:1180,5
DA:1181,5
DA:1185,5
FN:1185,MockTokenWithFee.approve
FNDA:5,MockTokenWithFee.approve
DA:1186,5
DA:1187,5
DA:1188,5
DA:1192,0
FN:1192,MockTokenWithFee.mint
FNDA:0,MockTokenWithFee.mint
DA:1193,0
DA:1194,0
DA:1195,0
FNF:5
FNH:4
LF:37
LH:33
BRF:7
BRH:1
end_of_record
TN:
SF:test/mocks/ERC20Mock.sol
DA:15,163
FN:15,ERC20Mock.constructor
FNDA:163,ERC20Mock.constructor
DA:16,163
DA:17,163
DA:21,365
FN:21,ERC20Mock.mint
FNDA:365,ERC20Mock.mint
DA:22,365
DA:23,365
DA:24,365
DA:28,0
FN:28,ERC20Mock.burn
FNDA:0,ERC20Mock.burn
DA:29,0
BRDA:29,0,0,-
BRDA:29,0,1,-
DA:30,0
DA:31,0
DA:32,0
DA:35,80
FN:35,ERC20Mock.approve
FNDA:80,ERC20Mock.approve
DA:36,80
DA:37,80
DA:38,80
DA:41,81
FN:41,ERC20Mock.transfer
FNDA:81,ERC20Mock.transfer
DA:42,81
BRDA:42,1,0,-
BRDA:42,1,1,-
DA:43,81
DA:44,81
DA:45,81
DA:46,81
DA:49,74
FN:49,ERC20Mock.transferFrom
FNDA:74,ERC20Mock.transferFrom
DA:50,74
BRDA:50,2,0,-
BRDA:50,2,1,-
DA:51,74
BRDA:51,3,0,-
BRDA:51,3,1,-
DA:53,74
BRDA:53,4,0,74
DA:54,74
DA:57,74
DA:58,74
DA:59,74
DA:60,74
FNF:6
FNH:5
LF:31
LH:26
BRF:9
BRH:1
end_of_record
TN:
SF:test/mocks/MockTokenWithFee.sol
DA:12,5
FN:12,MockTokenWithFee.transfer
FNDA:5,MockTokenWithFee.transfer
DA:13,5
BRDA:13,0,0,-
BRDA:13,0,1,-
DA:15,5
DA:16,5
DA:19,5
DA:22,5
DA:23,5
DA:26,5
DA:27,5
DA:29,5
DA:32,5
FN:32,MockTokenWithFee.transferFrom
FNDA:5,MockTokenWithFee.transferFrom
DA:33,5
BRDA:33,1,0,-
BRDA:33,1,1,-
DA:34,5
BRDA:34,2,0,-
BRDA:34,2,1,-
DA:36,5
BRDA:36,3,0,3
DA:37,3
DA:40,5
DA:41,5
DA:44,5
DA:47,5
DA:48,5
DA:51,5
DA:52,5
DA:54,5
FNF:2
FNH:2
LF:23
LH:23
BRF:7
BRH:1
end_of_record
TN:
SF:test/mocks/WETH9.sol
DA:17,0
FN:17,WETH9.receive
FNDA:0,WETH9.receive
DA:18,0
DA:21,16
FN:21,WETH9.deposit
FNDA:16,WETH9.deposit
DA:22,16
DA:23,16
DA:26,7
FN:26,WETH9.withdraw
FNDA:7,WETH9.withdraw
DA:27,7
BRDA:27,0,0,-
BRDA:27,0,1,-
DA:28,7
DA:29,7
DA:30,7
DA:33,0
FN:33,WETH9.totalSupply
FNDA:0,WETH9.totalSupply
DA:34,0
DA:37,0
FN:37,WETH9.approve
FNDA:0,WETH9.approve
DA:38,0
DA:39,0
DA:40,0
DA:43,23
FN:43,WETH9.transfer
FNDA:23,WETH9.transfer
DA:44,23
DA:47,23
FN:47,WETH9.transferFrom
FNDA:23,WETH9.transferFrom
DA:48,23
BRDA:48,1,0,-
BRDA:48,1,1,-
DA:50,23
BRDA:50,2,0,-
DA:51,0
BRDA:51,3,0,-
BRDA:51,3,1,-
DA:52,0
DA:55,23
DA:56,23
DA:58,23
DA:60,23
FNF:7
FNH:4
LF:27
LH:17
BRF:7
BRH:0
end_of_record
