TN:
SF:src/UniswapV2ERC20.sol
DA:23,41
FN:23,UniswapV2ERC20.constructor
FNDA:41,UniswapV2ERC20.constructor
DA:24,41
DA:26,0
DA:28,41
DA:39,83
FN:39,UniswapV2ERC20._mint
FNDA:83,UniswapV2ERC20._mint
DA:40,83
DA:41,83
DA:42,83
DA:45,5
FN:45,UniswapV2ERC20._burn
FNDA:5,UniswapV2ERC20._burn
DA:46,5
DA:47,5
DA:48,5
DA:51,6
FN:51,UniswapV2ERC20._approve
FNDA:6,UniswapV2ERC20._approve
DA:52,6
DA:53,6
DA:56,10
FN:56,UniswapV2ERC20._transfer
FNDA:10,UniswapV2ERC20._transfer
DA:57,10
DA:58,10
DA:59,10
DA:62,3
FN:62,UniswapV2ERC20.approve
FNDA:3,UniswapV2ERC20.approve
DA:63,3
DA:64,3
DA:67,5
FN:67,UniswapV2ERC20.transfer
FNDA:5,UniswapV2ERC20.transfer
DA:68,5
DA:69,5
DA:72,5
FN:72,UniswapV2ERC20.transferFrom
FNDA:5,UniswapV2ERC20.transferFrom
DA:73,5
BRDA:73,0,0,5
DA:74,5
DA:76,5
DA:77,5
DA:80,4
FN:80,UniswapV2ERC20.permit
FNDA:4,UniswapV2ERC20.permit
DA:81,4
BRDA:81,1,0,-
BRDA:81,1,1,-
DA:82,4
DA:89,4
DA:90,3
BRDA:90,2,0,3
BRDA:90,2,1,3
DA:91,3
FNF:9
FNH:9
LF:36
LH:35
BRF:5
BRH:3
end_of_record
TN:
SF:src/UniswapV2Factory.sol
DA:15,50
FN:15,UniswapV2Factory.constructor
FNDA:50,UniswapV2Factory.constructor
DA:16,50
DA:19,1
FN:19,UniswapV2Factory.allPairsLength
FNDA:1,UniswapV2Factory.allPairsLength
DA:20,1
DA:23,46
FN:23,UniswapV2Factory.createPair
FNDA:46,UniswapV2Factory.createPair
DA:24,46
BRDA:24,0,0,-
BRDA:24,0,1,-
DA:25,45
DA:26,45
BRDA:26,1,0,-
BRDA:26,1,1,-
DA:27,43
BRDA:27,2,0,-
BRDA:27,2,1,-
DA:28,41
DA:29,41
DA:31,0
DA:33,41
DA:34,41
DA:35,41
DA:36,41
DA:37,41
DA:40,4
FN:40,UniswapV2Factory.setFeeTo
FNDA:4,UniswapV2Factory.setFeeTo
DA:41,4
BRDA:41,3,0,-
BRDA:41,3,1,-
DA:42,4
DA:45,3
FN:45,UniswapV2Factory.setFeeToSetter
FNDA:3,UniswapV2Factory.setFeeToSetter
DA:46,3
BRDA:46,4,0,-
BRDA:46,4,1,-
DA:47,3
FNF:5
FNH:5
LF:23
LH:22
BRF:10
BRH:0
end_of_record
TN:
SF:src/UniswapV2Pair.sol
DA:32,44
FN:32,UniswapV2Pair.lock
FNDA:44,UniswapV2Pair.lock
DA:33,44
BRDA:33,0,0,-
BRDA:33,0,1,-
DA:34,44
DA:36,44
DA:39,168
FN:39,UniswapV2Pair.getReserves
FNDA:168,UniswapV2Pair.getReserves
DA:40,168
DA:41,168
DA:42,168
DA:45,47
FN:45,UniswapV2Pair._safeTransfer
FNDA:47,UniswapV2Pair._safeTransfer
DA:46,47
DA:47,47
BRDA:47,1,0,47
BRDA:47,1,1,47
DA:51,41
FN:51,UniswapV2Pair.constructor
FNDA:41,UniswapV2Pair.constructor
DA:52,41
DA:56,41
FN:56,UniswapV2Pair.initialize
FNDA:41,UniswapV2Pair.initialize
DA:57,41
BRDA:57,2,0,-
BRDA:57,2,1,-
DA:58,41
DA:59,41
DA:63,84
FN:63,UniswapV2Pair._update
FNDA:84,UniswapV2Pair._update
DA:64,84
BRDA:64,3,0,84
BRDA:64,3,1,84
DA:65,84
DA:66,84
DA:67,84
BRDA:67,4,0,-
DA:69,0
DA:70,0
DA:72,84
DA:73,84
DA:74,84
DA:75,84
DA:79,50
FN:79,UniswapV2Pair._mintFee
FNDA:50,UniswapV2Pair._mintFee
DA:80,50
DA:81,50
DA:82,50
DA:83,3
BRDA:83,5,0,3
BRDA:83,5,1,-
DA:84,3
BRDA:84,6,0,1
DA:85,1
DA:86,1
DA:87,1
BRDA:87,7,0,1
DA:88,1
DA:89,1
DA:90,1
DA:91,1
BRDA:91,8,0,1
DA:94,47
BRDA:94,9,0,-
DA:95,0
DA:100,44
FN:100,UniswapV2Pair.mint
FNDA:44,UniswapV2Pair.mint
DA:101,44
DA:102,44
DA:103,44
DA:104,44
DA:105,44
DA:107,44
DA:108,44
DA:109,44
BRDA:109,10,0,38
BRDA:109,10,1,6
DA:110,38
DA:111,38
DA:113,6
DA:115,38
BRDA:115,11,0,-
BRDA:115,11,1,-
DA:116,38
DA:118,38
DA:119,3
BRDA:119,12,0,3
DA:120,44
DA:124,6
FN:124,UniswapV2Pair.burn
FNDA:6,UniswapV2Pair.burn
DA:125,6
DA:126,6
DA:127,6
DA:128,6
DA:129,6
DA:130,6
DA:132,6
DA:133,6
DA:134,6
DA:135,6
DA:136,6
BRDA:136,13,0,6
BRDA:136,13,1,5
DA:137,6
DA:138,6
DA:139,6
DA:140,5
DA:141,5
DA:143,5
DA:144,0
BRDA:144,14,0,-
DA:145,5
DA:149,38
FN:149,UniswapV2Pair.swap
FNDA:38,UniswapV2Pair.swap
DA:150,38
BRDA:150,15,0,38
BRDA:150,15,1,21
DA:151,37
DA:152,37
BRDA:152,16,0,37
BRDA:152,16,1,36
DA:154,35
DA:155,35
DA:157,35
DA:158,35
DA:159,35
BRDA:159,17,0,35
BRDA:159,17,1,35
DA:160,0
BRDA:160,18,0,16
DA:161,35
BRDA:161,19,0,19
DA:162,35
BRDA:162,20,0,1
DA:163,35
DA:164,35
DA:166,35
DA:167,35
DA:168,15
BRDA:168,21,0,35
BRDA:168,21,1,16
DA:170,34
DA:171,34
DA:172,34
BRDA:172,22,0,-
BRDA:172,22,1,-
DA:175,35
DA:176,34
DA:180,1
FN:180,UniswapV2Pair.skim
FNDA:1,UniswapV2Pair.skim
DA:181,1
DA:182,1
DA:183,1
DA:184,1
DA:188,1
FN:188,UniswapV2Pair.sync
FNDA:1,UniswapV2Pair.sync
DA:189,1
FNF:12
FNH:12
LF:109
LH:104
BRF:36
BRH:24
end_of_record
TN:
SF:src/UniswapV2Router02.sol
DA:19,18
FN:19,UniswapV2Router02.ensure
FNDA:18,UniswapV2Router02.ensure
DA:20,18
BRDA:20,0,0,-
BRDA:20,0,1,-
DA:24,50
FN:24,UniswapV2Router02.constructor
FNDA:50,UniswapV2Router02.constructor
DA:25,50
DA:26,50
DA:29,5
FN:29,UniswapV2Router02.receive
FNDA:5,UniswapV2Router02.receive
DA:30,5
DA:34,29
FN:34,UniswapV2Router02._addLiquidity
FNDA:29,UniswapV2Router02._addLiquidity
DA:43,29
BRDA:43,1,0,20
DA:44,20
DA:46,29
DA:47,29
BRDA:47,2,0,24
BRDA:47,2,1,1
DA:48,24
DA:50,5
DA:51,5
BRDA:51,3,0,4
BRDA:51,3,1,1
DA:52,4
BRDA:52,4,0,-
BRDA:52,4,1,-
DA:53,3
DA:55,1
DA:56,1
DA:57,1
BRDA:57,5,0,-
BRDA:57,5,1,-
DA:58,1
DA:62,18
FN:62,UniswapV2Router02.addLiquidity
FNDA:18,UniswapV2Router02.addLiquidity
DA:72,18
DA:73,17
DA:74,18
DA:75,18
DA:76,18
DA:78,11
FN:78,UniswapV2Router02.addLiquidityETH
FNDA:11,UniswapV2Router02.addLiquidityETH
DA:86,11
DA:94,11
DA:95,11
DA:96,11
DA:97,11
DA:98,11
DA:100,11
BRDA:100,6,0,1
DA:104,4
FN:104,UniswapV2Router02.removeLiquidity
FNDA:4,UniswapV2Router02.removeLiquidity
DA:113,4
DA:114,4
DA:115,4
DA:116,4
DA:117,4
DA:118,4
BRDA:118,7,0,-
BRDA:118,7,1,-
DA:119,4
BRDA:119,8,0,-
BRDA:119,8,1,-
DA:121,2
FN:121,UniswapV2Router02.removeLiquidityETH
FNDA:2,UniswapV2Router02.removeLiquidityETH
DA:129,2
DA:138,2
DA:139,2
DA:140,2
DA:142,1
FN:142,UniswapV2Router02.removeLiquidityWithPermit
FNDA:1,UniswapV2Router02.removeLiquidityWithPermit
DA:152,1
DA:153,1
DA:154,0
DA:155,1
DA:157,1
FN:157,UniswapV2Router02.removeLiquidityETHWithPermit
FNDA:1,UniswapV2Router02.removeLiquidityETHWithPermit
DA:166,1
DA:167,1
DA:168,0
DA:169,1
DA:173,0
FN:173,UniswapV2Router02.removeLiquidityETHSupportingFeeOnTransferTokens
FNDA:0,UniswapV2Router02.removeLiquidityETHSupportingFeeOnTransferTokens
DA:181,0
DA:190,0
DA:191,0
DA:192,0
DA:194,0
FN:194,UniswapV2Router02.removeLiquidityETHWithPermitSupportingFeeOnTransferTokens
FNDA:0,UniswapV2Router02.removeLiquidityETHWithPermitSupportingFeeOnTransferTokens
DA:203,0
DA:204,0
DA:205,0
DA:206,0
DA:213,27
FN:213,UniswapV2Router02._swap
FNDA:27,UniswapV2Router02._swap
DA:214,27
DA:215,28
DA:216,28
DA:217,28
DA:218,28
DA:219,28
DA:220,15
DA:225,22
FN:225,UniswapV2Router02.swapExactTokensForTokens
FNDA:22,UniswapV2Router02.swapExactTokensForTokens
DA:232,22
DA:233,22
BRDA:233,9,0,-
BRDA:233,9,1,-
DA:234,22
DA:237,22
DA:239,1
FN:239,UniswapV2Router02.swapTokensForExactTokens
FNDA:1,UniswapV2Router02.swapTokensForExactTokens
DA:246,1
DA:247,1
BRDA:247,10,0,-
BRDA:247,10,1,-
DA:248,1
DA:251,1
DA:253,1
FN:253,UniswapV2Router02.swapExactETHForTokens
FNDA:1,UniswapV2Router02.swapExactETHForTokens
DA:261,1
BRDA:261,11,0,-
BRDA:261,11,1,-
DA:262,1
DA:263,1
BRDA:263,12,0,-
BRDA:263,12,1,-
DA:264,1
DA:265,1
DA:266,1
DA:268,1
FN:268,UniswapV2Router02.swapTokensForExactETH
FNDA:1,UniswapV2Router02.swapTokensForExactETH
DA:275,1
BRDA:275,13,0,-
BRDA:275,13,1,-
DA:276,1
DA:277,1
BRDA:277,14,0,-
BRDA:277,14,1,-
DA:278,1
DA:281,1
DA:282,1
DA:283,1
DA:285,1
FN:285,UniswapV2Router02.swapExactTokensForETH
FNDA:1,UniswapV2Router02.swapExactTokensForETH
DA:292,1
BRDA:292,15,0,-
BRDA:292,15,1,-
DA:293,1
DA:294,1
BRDA:294,16,0,-
BRDA:294,16,1,-
DA:295,1
DA:298,1
DA:299,1
DA:300,1
DA:302,1
FN:302,UniswapV2Router02.swapETHForExactTokens
FNDA:1,UniswapV2Router02.swapETHForExactTokens
DA:310,1
BRDA:310,17,0,-
BRDA:310,17,1,-
DA:311,1
DA:312,1
BRDA:312,18,0,-
BRDA:312,18,1,-
DA:313,1
DA:314,1
DA:315,1
DA:317,1
BRDA:317,19,0,1
DA:322,3
FN:322,UniswapV2Router02._swapSupportingFeeOnTransferTokens
FNDA:3,UniswapV2Router02._swapSupportingFeeOnTransferTokens
DA:323,3
DA:324,3
DA:325,3
DA:326,3
DA:327,3
DA:328,3
DA:330,3
DA:331,3
DA:332,3
DA:333,3
DA:335,3
DA:336,3
DA:337,3
DA:340,1
FN:340,UniswapV2Router02.swapExactTokensForTokensSupportingFeeOnTransferTokens
FNDA:1,UniswapV2Router02.swapExactTokensForTokensSupportingFeeOnTransferTokens
DA:347,1
DA:350,1
DA:351,1
DA:352,1
BRDA:352,20,0,1
BRDA:352,20,1,-
DA:357,1
FN:357,UniswapV2Router02.swapExactETHForTokensSupportingFeeOnTransferTokens
FNDA:1,UniswapV2Router02.swapExactETHForTokensSupportingFeeOnTransferTokens
DA:369,1
BRDA:369,21,0,-
BRDA:369,21,1,-
DA:370,1
DA:371,1
DA:372,1
DA:373,1
DA:374,1
DA:375,1
BRDA:375,22,0,1
BRDA:375,22,1,-
DA:380,1
FN:380,UniswapV2Router02.swapExactTokensForETHSupportingFeeOnTransferTokens
FNDA:1,UniswapV2Router02.swapExactTokensForETHSupportingFeeOnTransferTokens
DA:392,1
BRDA:392,23,0,-
BRDA:392,23,1,-
DA:393,1
DA:396,1
DA:397,1
DA:398,1
BRDA:398,24,0,-
BRDA:398,24,1,-
DA:399,1
DA:400,1
DA:404,2
FN:404,UniswapV2Router02.quote
FNDA:2,UniswapV2Router02.quote
DA:405,2
DA:408,2
FN:408,UniswapV2Router02.getAmountOut
FNDA:2,UniswapV2Router02.getAmountOut
DA:415,2
DA:418,2
FN:418,UniswapV2Router02.getAmountIn
FNDA:2,UniswapV2Router02.getAmountIn
DA:425,2
DA:428,1
FN:428,UniswapV2Router02.getAmountsOut
FNDA:1,UniswapV2Router02.getAmountsOut
DA:435,1
DA:438,1
FN:438,UniswapV2Router02.getAmountsIn
FNDA:1,UniswapV2Router02.getAmountsIn
DA:445,1
FNF:28
FNH:26
LF:162
LH:150
BRF:47
BRH:9
end_of_record
TN:
SF:src/libraries/Math.sol
DA:7,7
FN:7,Math.min
FNDA:7,Math.min
DA:8,7
DA:12,43
FN:12,Math.sqrt
FNDA:43,Math.sqrt
DA:13,43
BRDA:13,0,0,43
BRDA:13,0,1,-
DA:14,43
DA:15,43
DA:16,2995
DA:17,2952
DA:18,2952
DA:20,0
BRDA:20,1,0,-
DA:21,0
FNF:2
FNH:2
LF:11
LH:9
BRF:3
BRH:1
end_of_record
TN:
SF:src/libraries/SafeMath.sol
DA:8,214
FN:8,SafeMath.add
FNDA:214,SafeMath.add
DA:9,214
BRDA:9,0,0,-
BRDA:9,0,1,-
DA:12,233
FN:12,SafeMath.sub
FNDA:233,SafeMath.sub
DA:13,233
BRDA:13,1,0,-
BRDA:13,1,1,-
DA:16,425
FN:16,SafeMath.mul
FNDA:425,SafeMath.mul
DA:17,425
BRDA:17,2,0,425
BRDA:17,2,1,425
FNF:3
FNH:3
LF:6
LH:6
BRF:6
BRH:2
end_of_record
TN:
SF:src/libraries/TransferHelper.sol
DA:7,2
FN:7,TransferHelper.safeApprove
FNDA:2,TransferHelper.safeApprove
DA:13,2
DA:14,2
BRDA:14,0,0,2
BRDA:14,0,1,2
DA:20,3
FN:20,TransferHelper.safeTransfer
FNDA:3,TransferHelper.safeTransfer
DA:26,3
DA:27,3
BRDA:27,1,0,3
BRDA:27,1,1,3
DA:33,73
FN:33,TransferHelper.safeTransferFrom
FNDA:73,TransferHelper.safeTransferFrom
DA:40,73
DA:41,73
BRDA:41,2,0,73
BRDA:41,2,1,73
DA:47,8
FN:47,TransferHelper.safeTransferETH
FNDA:8,TransferHelper.safeTransferETH
DA:48,8
DA:49,8
BRDA:49,3,0,-
BRDA:49,3,1,-
FNF:4
FNH:4
LF:12
LH:12
BRF:8
BRH:6
end_of_record
TN:
SF:src/libraries/UQ112x112.sol
DA:13,3
FN:13,UQ112x112.encode
FNDA:3,UQ112x112.encode
DA:14,3
DA:18,2
FN:18,UQ112x112.uqdiv
FNDA:2,UQ112x112.uqdiv
DA:19,2
FNF:2
FNH:2
LF:4
LH:4
BRF:0
BRH:0
end_of_record
TN:
SF:src/libraries/UniswapV2Library.sol
DA:12,94
FN:12,UniswapV2Library.sortTokens
FNDA:94,UniswapV2Library.sortTokens
DA:13,94
BRDA:13,0,0,-
BRDA:13,0,1,-
DA:14,94
DA:15,94
BRDA:15,1,0,-
BRDA:15,1,1,-
DA:18,155
FN:18,UniswapV2Library.pairFor
FNDA:155,UniswapV2Library.pairFor
DA:20,155
DA:24,59
FN:24,UniswapV2Library.getReserves
FNDA:59,UniswapV2Library.getReserves
DA:25,59
DA:26,59
DA:27,59
DA:31,8
FN:31,UniswapV2Library.quote
FNDA:8,UniswapV2Library.quote
DA:32,8
BRDA:32,2,0,-
BRDA:32,2,1,-
DA:33,8
BRDA:33,3,0,8
BRDA:33,3,1,8
DA:34,8
DA:38,31
FN:38,UniswapV2Library.getAmountOut
FNDA:31,UniswapV2Library.getAmountOut
DA:39,31
BRDA:39,4,0,-
BRDA:39,4,1,-
DA:40,31
BRDA:40,5,0,31
BRDA:40,5,1,31
DA:41,31
DA:42,31
DA:43,31
DA:44,31
DA:48,6
FN:48,UniswapV2Library.getAmountIn
FNDA:6,UniswapV2Library.getAmountIn
DA:49,6
BRDA:49,6,0,-
BRDA:49,6,1,-
DA:50,6
BRDA:50,7,0,6
BRDA:50,7,1,6
DA:51,6
DA:52,6
DA:53,6
DA:57,25
FN:57,UniswapV2Library.getAmountsOut
FNDA:25,UniswapV2Library.getAmountsOut
DA:58,25
BRDA:58,8,0,-
BRDA:58,8,1,-
DA:59,25
DA:60,25
DA:61,25
DA:62,26
DA:63,26
DA:68,4
FN:68,UniswapV2Library.getAmountsIn
FNDA:4,UniswapV2Library.getAmountsIn
DA:69,4
BRDA:69,9,0,-
BRDA:69,9,1,-
DA:70,4
DA:71,4
DA:72,4
DA:73,4
DA:74,4
FNF:8
FNH:8
LF:41
LH:41
BRF:20
BRH:6
end_of_record
TN:
SF:test/TestUtils.sol
DA:31,50
FN:31,TestUtils.constructor
FNDA:50,TestUtils.constructor
DA:32,50
DA:35,50
DA:38,50
DA:41,50
DA:44,50
DA:45,50
DA:46,50
DA:49,50
DA:50,50
DA:51,50
DA:53,50
DA:54,50
DA:55,50
DA:57,50
DA:61,0
FN:61,TestUtils.createPair
FNDA:0,TestUtils.createPair
DA:62,0
DA:66,0
FN:66,TestUtils.addLiquidity
FNDA:0,TestUtils.addLiquidity
DA:73,0
DA:75,0
DA:76,0
DA:78,0
DA:89,0
DA:93,0
FN:93,TestUtils.addLiquidityETH
FNDA:0,TestUtils.addLiquidityETH
DA:99,0
DA:100,0
DA:102,0
DA:104,0
DA:113,0
DA:117,0
FN:117,TestUtils.swapExactTokensForTokens
FNDA:0,TestUtils.swapExactTokensForTokens
DA:123,0
DA:125,0
DA:127,0
DA:128,0
DA:129,0
DA:131,0
DA:139,0
DA:141,0
DA:145,0
FN:145,TestUtils.setupPair
FNDA:0,TestUtils.setupPair
DA:146,0
DA:147,0
DA:151,0
FN:151,TestUtils.setupETHPair
FNDA:0,TestUtils.setupETHPair
DA:152,0
DA:153,0
FNF:7
FNH:1
LF:44
LH:15
BRF:0
BRH:0
end_of_record
TN:
SF:test/UniswapV2Pair.t.sol
DA:14,1
FN:14,FlashBorrower.uniswapV2Call
FNDA:1,FlashBorrower.uniswapV2Call
DA:15,1
DA:16,1
DA:17,1
DA:20,1
DA:23,1
BRDA:23,0,0,1
DA:25,1
DA:26,1
DA:29,1
DA:32,1
BRDA:32,1,0,-
DA:33,0
DA:34,0
DA:36,0
FNF:1
FNH:1
LF:13
LH:10
BRF:2
BRH:1
end_of_record
TN:
SF:test/UniswapV2Router02.t.sol
DA:1137,3
FN:1137,MockTokenWithFee.constructor
FNDA:3,MockTokenWithFee.constructor
DA:1138,3
DA:1139,3
DA:1142,3
DA:1143,3
DA:1144,3
DA:1148,7
FN:1148,MockTokenWithFee.transfer
FNDA:7,MockTokenWithFee.transfer
DA:1149,7
BRDA:1149,0,0,-
BRDA:1149,0,1,-
DA:1151,7
DA:1152,7
DA:1154,7
DA:1155,7
DA:1156,7
DA:1158,7
DA:1159,7
DA:1160,7
DA:1164,5
FN:1164,MockTokenWithFee.transferFrom
FNDA:5,MockTokenWithFee.transferFrom
DA:1165,5
BRDA:1165,1,0,-
BRDA:1165,1,1,-
DA:1166,5
BRDA:1166,2,0,-
BRDA:1166,2,1,-
DA:1168,5
BRDA:1168,3,0,5
DA:1169,5
DA:1172,5
DA:1173,5
DA:1175,5
DA:1176,5
DA:1177,5
DA:1179,5
DA:1180,5
DA:1181,5
DA:1185,5
FN:1185,MockTokenWithFee.approve
FNDA:5,MockTokenWithFee.approve
DA:1186,5
DA:1187,5
DA:1188,5
DA:1192,0
FN:1192,MockTokenWithFee.mint
FNDA:0,MockTokenWithFee.mint
DA:1193,0
DA:1194,0
DA:1195,0
FNF:5
FNH:4
LF:37
LH:33
BRF:7
BRH:1
end_of_record
TN:
SF:test/mocks/ERC20Mock.sol
DA:15,157
FN:15,ERC20Mock.constructor
FNDA:157,ERC20Mock.constructor
DA:16,157
DA:17,157
DA:21,344
FN:21,ERC20Mock.mint
FNDA:344,ERC20Mock.mint
DA:22,344
DA:23,344
DA:24,344
DA:28,0
FN:28,ERC20Mock.burn
FNDA:0,ERC20Mock.burn
DA:29,0
BRDA:29,0,0,-
BRDA:29,0,1,-
DA:30,0
DA:31,0
DA:32,0
DA:35,70
FN:35,ERC20Mock.approve
FNDA:70,ERC20Mock.approve
DA:36,70
DA:37,70
DA:38,70
DA:41,81
FN:41,ERC20Mock.transfer
FNDA:81,ERC20Mock.transfer
DA:42,81
BRDA:42,1,0,-
BRDA:42,1,1,-
DA:43,81
DA:44,81
DA:45,81
DA:46,81
DA:49,68
FN:49,ERC20Mock.transferFrom
FNDA:68,ERC20Mock.transferFrom
DA:50,68
BRDA:50,2,0,-
BRDA:50,2,1,-
DA:51,68
BRDA:51,3,0,-
BRDA:51,3,1,-
DA:53,68
BRDA:53,4,0,68
DA:54,68
DA:57,68
DA:58,68
DA:59,68
DA:60,68
FNF:6
FNH:5
LF:31
LH:26
BRF:9
BRH:1
end_of_record
TN:
SF:test/mocks/MockTokenWithFee.sol
DA:12,0
FN:12,MockTokenWithFee.transfer
FNDA:0,MockTokenWithFee.transfer
DA:13,0
BRDA:13,0,0,-
BRDA:13,0,1,-
DA:15,0
DA:16,0
DA:19,0
DA:22,0
DA:23,0
DA:26,0
DA:27,0
DA:29,0
DA:32,0
FN:32,MockTokenWithFee.transferFrom
FNDA:0,MockTokenWithFee.transferFrom
DA:33,0
BRDA:33,1,0,-
BRDA:33,1,1,-
DA:34,0
BRDA:34,2,0,-
BRDA:34,2,1,-
DA:36,0
BRDA:36,3,0,-
DA:37,0
DA:40,0
DA:41,0
DA:44,0
DA:47,0
DA:48,0
DA:51,0
DA:52,0
DA:54,0
FNF:2
FNH:0
LF:23
LH:0
BRF:7
BRH:0
end_of_record
TN:
SF:test/mocks/WETH9.sol
DA:17,0
FN:17,WETH9.receive
FNDA:0,WETH9.receive
DA:18,0
DA:21,14
FN:21,WETH9.deposit
FNDA:14,WETH9.deposit
DA:22,14
DA:23,14
DA:26,5
FN:26,WETH9.withdraw
FNDA:5,WETH9.withdraw
DA:27,5
BRDA:27,0,0,-
BRDA:27,0,1,-
DA:28,5
DA:29,5
DA:30,5
DA:33,0
FN:33,WETH9.totalSupply
FNDA:0,WETH9.totalSupply
DA:34,0
DA:37,0
FN:37,WETH9.approve
FNDA:0,WETH9.approve
DA:38,0
DA:39,0
DA:40,0
DA:43,19
FN:43,WETH9.transfer
FNDA:19,WETH9.transfer
DA:44,19
DA:47,19
FN:47,WETH9.transferFrom
FNDA:19,WETH9.transferFrom
DA:48,19
BRDA:48,1,0,-
BRDA:48,1,1,-
DA:50,19
BRDA:50,2,0,-
DA:51,0
BRDA:51,3,0,-
BRDA:51,3,1,-
DA:52,0
DA:55,19
DA:56,19
DA:58,19
DA:60,19
FNF:7
FNH:4
LF:27
LH:17
BRF:7
BRH:0
end_of_record
