TN:
SF:src/UniswapV2ERC20.sol
FNL:0,23
FNA:0,48,UniswapV2ERC20.constructor
FNL:1,39
FNA:1,92,UniswapV2ERC20._mint
FNL:2,45
FNA:2,7,UniswapV2ERC20._burn
FNL:3,51
FNA:3,8,UniswapV2ERC20._approve
FNL:4,56
FNA:4,12,UniswapV2ERC20._transfer
FNL:5,62
FNA:5,4,UniswapV2ERC20.approve
FNL:6,67
FNA:6,5,UniswapV2ERC20.transfer
FNL:7,72
FNA:7,7,UniswapV2ERC20.transferFrom
FNL:8,80
FNA:8,5,UniswapV2ERC20.permit
FNF:9
FNH:9
DA:23,48
DA:24,48
DA:26,0
DA:28,48
DA:39,92
DA:40,92
DA:41,92
DA:42,92
DA:45,7
DA:46,7
DA:47,7
DA:48,7
DA:51,8
DA:52,8
DA:53,8
DA:56,12
DA:57,12
DA:58,12
DA:59,12
DA:62,4
DA:63,4
DA:64,4
DA:67,5
DA:68,5
DA:69,5
DA:72,7
DA:73,7
DA:74,7
DA:76,7
DA:77,7
DA:80,5
DA:81,5
DA:82,5
DA:89,5
DA:90,4
DA:91,4
LF:36
LH:35
end_of_record
TN:
SF:src/UniswapV2Factory.sol
FNL:0,15
FNA:0,59,UniswapV2Factory.constructor
FNL:1,19
FNA:1,1,UniswapV2Factory.allPairsLength
FNL:2,23
FNA:2,52,UniswapV2Factory.createPair
FNL:3,40
FNA:3,4,UniswapV2Factory.setFeeTo
FNL:4,45
FNA:4,3,UniswapV2Factory.setFeeToSetter
FNF:5
FNH:5
DA:15,59
DA:16,59
DA:19,1
DA:20,1
DA:23,52
DA:24,52
DA:25,51
DA:26,51
DA:27,49
DA:28,47
DA:29,47
DA:31,0
DA:33,47
DA:34,47
DA:35,47
DA:36,47
DA:37,47
DA:40,4
DA:41,4
DA:42,4
DA:45,3
DA:46,3
DA:47,3
LF:23
LH:22
end_of_record
TN:
SF:src/UniswapV2Pair.sol
FNL:0,100
FNA:0,49,UniswapV2Pair.mint
FNL:1,124
FNA:1,8,UniswapV2Pair.burn
FNL:2,149
FNA:2,38,UniswapV2Pair.swap
FNL:3,180
FNA:3,1,UniswapV2Pair.skim
FNL:4,188
FNA:4,1,UniswapV2Pair.sync
FNL:5,32
FNA:5,49,UniswapV2Pair.lock
FNL:6,39
FNA:6,180,UniswapV2Pair.getReserves
FNL:7,45
FNA:7,51,UniswapV2Pair._safeTransfer
FNL:8,51
FNA:8,47,UniswapV2Pair.constructor
FNL:9,56
FNA:9,47,UniswapV2Pair.initialize
FNL:10,63
FNA:10,91,UniswapV2Pair._update
FNL:11,79
FNA:11,57,UniswapV2Pair._mintFee
FNF:12
FNH:12
DA:32,49
DA:33,49
DA:34,49
DA:36,49
DA:39,180
DA:40,180
DA:41,180
DA:42,180
DA:45,51
DA:46,51
DA:47,51
DA:51,47
DA:52,47
DA:56,47
DA:57,47
DA:58,47
DA:59,47
DA:63,91
DA:64,91
DA:65,91
DA:66,91
DA:67,91
DA:69,0
DA:70,0
DA:72,91
DA:73,91
DA:74,91
DA:75,91
DA:79,57
DA:80,57
DA:81,57
DA:82,57
DA:83,3
DA:84,3
DA:85,1
DA:86,1
DA:87,1
DA:88,1
DA:89,1
DA:90,1
DA:91,1
DA:94,54
DA:95,0
DA:100,49
DA:101,49
DA:102,49
DA:103,49
DA:104,49
DA:105,49
DA:107,49
DA:108,49
DA:109,49
DA:110,42
DA:111,42
DA:113,7
DA:115,42
DA:116,42
DA:118,42
DA:119,3
DA:120,49
DA:124,8
DA:125,8
DA:126,8
DA:127,8
DA:128,8
DA:129,8
DA:130,8
DA:132,8
DA:133,8
DA:134,8
DA:135,8
DA:136,8
DA:137,8
DA:138,8
DA:139,8
DA:140,7
DA:141,7
DA:143,7
DA:144,0
DA:145,7
DA:149,38
DA:150,38
DA:151,37
DA:152,37
DA:154,35
DA:155,35
DA:157,35
DA:158,35
DA:159,35
DA:160,0
DA:161,35
DA:162,35
DA:163,35
DA:164,35
DA:166,35
DA:167,35
DA:168,15
DA:170,34
DA:171,34
DA:172,34
DA:175,35
DA:176,34
DA:180,1
DA:181,1
DA:182,1
DA:183,1
DA:184,1
DA:188,1
DA:189,1
LF:109
LH:104
end_of_record
TN:
SF:src/UniswapV2Router02.sol
FNL:0,104
FNA:0,6,UniswapV2Router02.removeLiquidity
FNL:1,121
FNA:1,2,UniswapV2Router02.removeLiquidityETH
FNL:2,142
FNA:2,1,UniswapV2Router02.removeLiquidityWithPermit
FNL:3,157
FNA:3,1,UniswapV2Router02.removeLiquidityETHWithPermit
FNL:4,173
FNA:4,2,UniswapV2Router02.removeLiquidityETHSupportingFeeOnTransferTokens
FNL:5,19
FNA:5,21,UniswapV2Router02.ensure
FNL:6,194
FNA:6,1,UniswapV2Router02.removeLiquidityETHWithPermitSupportingFeeOnTransferTokens
FNL:7,213
FNA:7,27,UniswapV2Router02._swap
FNL:8,225
FNA:8,22,UniswapV2Router02.swapExactTokensForTokens
FNL:9,239
FNA:9,1,UniswapV2Router02.swapTokensForExactTokens
FNL:10,24
FNA:10,59,UniswapV2Router02.constructor
FNL:11,253
FNA:11,1,UniswapV2Router02.swapExactETHForTokens
FNL:12,268
FNA:12,1,UniswapV2Router02.swapTokensForExactETH
FNL:13,285
FNA:13,1,UniswapV2Router02.swapExactTokensForETH
FNL:14,29
FNA:14,7,UniswapV2Router02.receive
FNL:15,302
FNA:15,1,UniswapV2Router02.swapETHForExactTokens
FNL:16,322
FNA:16,3,UniswapV2Router02._swapSupportingFeeOnTransferTokens
FNL:17,34
FNA:17,34,UniswapV2Router02._addLiquidity
FNL:18,340
FNA:18,1,UniswapV2Router02.swapExactTokensForTokensSupportingFeeOnTransferTokens
FNL:19,357
FNA:19,1,UniswapV2Router02.swapExactETHForTokensSupportingFeeOnTransferTokens
FNL:20,380
FNA:20,1,UniswapV2Router02.swapExactTokensForETHSupportingFeeOnTransferTokens
FNL:21,404
FNA:21,3,UniswapV2Router02.quote
FNL:22,408
FNA:22,4,UniswapV2Router02.getAmountOut
FNL:23,418
FNA:23,4,UniswapV2Router02.getAmountIn
FNL:24,428
FNA:24,2,UniswapV2Router02.getAmountsOut
FNL:25,438
FNA:25,2,UniswapV2Router02.getAmountsIn
FNL:26,62
FNA:26,21,UniswapV2Router02.addLiquidity
FNL:27,78
FNA:27,13,UniswapV2Router02.addLiquidityETH
FNF:28
FNH:28
DA:19,21
DA:20,21
DA:24,59
DA:25,59
DA:26,59
DA:29,7
DA:30,7
DA:34,34
DA:43,34
DA:44,20
DA:46,34
DA:47,34
DA:48,28
DA:50,6
DA:51,6
DA:52,5
DA:53,4
DA:55,1
DA:56,1
DA:57,1
DA:58,1
DA:62,21
DA:72,21
DA:73,20
DA:74,21
DA:75,21
DA:76,21
DA:78,13
DA:86,13
DA:94,13
DA:95,13
DA:96,13
DA:97,13
DA:98,13
DA:100,13
DA:104,6
DA:113,6
DA:114,6
DA:115,6
DA:116,6
DA:117,6
DA:118,6
DA:119,4
DA:121,2
DA:129,2
DA:138,2
DA:139,2
DA:140,2
DA:142,1
DA:152,1
DA:153,1
DA:154,0
DA:155,1
DA:157,1
DA:166,1
DA:167,1
DA:168,0
DA:169,1
DA:173,2
DA:181,2
DA:190,2
DA:191,2
DA:192,2
DA:194,1
DA:203,1
DA:204,1
DA:205,0
DA:206,1
DA:213,27
DA:214,27
DA:215,28
DA:216,28
DA:217,28
DA:218,28
DA:219,28
DA:220,15
DA:225,22
DA:232,22
DA:233,22
DA:234,22
DA:237,22
DA:239,1
DA:246,1
DA:247,1
DA:248,1
DA:251,1
DA:253,1
DA:261,1
DA:262,1
DA:263,1
DA:264,1
DA:265,1
DA:266,1
DA:268,1
DA:275,1
DA:276,1
DA:277,1
DA:278,1
DA:281,1
DA:282,1
DA:283,1
DA:285,1
DA:292,1
DA:293,1
DA:294,1
DA:295,1
DA:298,1
DA:299,1
DA:300,1
DA:302,1
DA:310,1
DA:311,1
DA:312,1
DA:313,1
DA:314,1
DA:315,1
DA:317,1
DA:322,3
DA:323,3
DA:324,3
DA:325,3
DA:326,3
DA:327,3
DA:328,3
DA:330,3
DA:331,3
DA:332,3
DA:333,3
DA:335,3
DA:336,3
DA:337,3
DA:340,1
DA:347,1
DA:350,1
DA:351,1
DA:352,1
DA:357,1
DA:369,1
DA:370,1
DA:371,1
DA:372,1
DA:373,1
DA:374,1
DA:375,1
DA:380,1
DA:392,1
DA:393,1
DA:396,1
DA:397,1
DA:398,1
DA:399,1
DA:400,1
DA:404,3
DA:405,3
DA:408,4
DA:415,4
DA:418,4
DA:425,4
DA:428,2
DA:435,2
DA:438,2
DA:445,2
LF:162
LH:159
end_of_record
TN:
SF:src/libraries/Math.sol
FNL:0,12
FNA:0,56,Math.sqrt
FNL:1,7
FNA:1,11,Math.min
FNF:2
FNH:2
DA:7,11
DA:8,11
DA:12,56
DA:13,56
DA:14,52
DA:15,52
DA:16,3314
DA:17,3262
DA:18,3262
DA:20,4
DA:21,3
LF:11
LH:11
end_of_record
TN:
SF:src/libraries/SafeMath.sol
FNL:0,12
FNA:0,254,SafeMath.sub
FNL:1,16
FNA:1,429,SafeMath.mul
FNL:2,8
FNA:2,232,SafeMath.add
FNF:3
FNH:3
DA:8,232
DA:9,232
DA:12,254
DA:13,254
DA:16,429
DA:17,429
LF:6
LH:6
end_of_record
TN:
SF:src/libraries/TransferHelper.sol
FNL:0,20
FNA:0,5,TransferHelper.safeTransfer
FNL:1,33
FNA:1,81,TransferHelper.safeTransferFrom
FNL:2,47
FNA:2,10,TransferHelper.safeTransferETH
FNL:3,7
FNA:3,2,TransferHelper.safeApprove
FNF:4
FNH:4
DA:7,2
DA:13,2
DA:14,2
DA:20,5
DA:26,5
DA:27,5
DA:33,81
DA:40,81
DA:41,81
DA:47,10
DA:48,10
DA:49,10
LF:12
LH:12
end_of_record
TN:
SF:src/libraries/UQ112x112.sol
FNL:0,13
FNA:0,6,UQ112x112.encode
FNL:1,18
FNA:1,2,UQ112x112.uqdiv
FNF:2
FNH:2
DA:13,6
DA:14,6
DA:18,2
DA:19,2
LF:4
LH:4
end_of_record
TN:
SF:src/libraries/UniswapV2Library.sol
FNL:0,12
FNA:0,101,UniswapV2Library.sortTokens
FNL:1,18
FNA:1,168,UniswapV2Library.pairFor
FNL:2,24
FNA:2,64,UniswapV2Library.getReserves
FNL:3,31
FNA:3,10,UniswapV2Library.quote
FNL:4,38
FNA:4,33,UniswapV2Library.getAmountOut
FNL:5,48
FNA:5,8,UniswapV2Library.getAmountIn
FNL:6,57
FNA:6,26,UniswapV2Library.getAmountsOut
FNL:7,68
FNA:7,5,UniswapV2Library.getAmountsIn
FNF:8
FNH:8
DA:12,101
DA:13,101
DA:14,101
DA:15,101
DA:18,168
DA:20,168
DA:24,64
DA:25,64
DA:26,64
DA:27,64
DA:31,10
DA:32,10
DA:33,10
DA:34,10
DA:38,33
DA:39,33
DA:40,33
DA:41,33
DA:42,33
DA:43,33
DA:44,33
DA:48,8
DA:49,8
DA:50,8
DA:51,8
DA:52,8
DA:53,8
DA:57,26
DA:58,26
DA:59,25
DA:60,25
DA:61,25
DA:62,26
DA:63,26
DA:68,5
DA:69,5
DA:70,4
DA:71,5
DA:72,4
DA:73,4
DA:74,4
LF:41
LH:41
end_of_record
